============================= test session starts ==============================
platform linux -- Python 3.12.3, pytest-9.0.3, pluggy-1.6.0 -- /usr/bin/python3
cachedir: .pytest_cache
rootdir: /mnt/c/Users/happy/Desktop/dev/switch-inspector
configfile: pyproject.toml
plugins: anyio-4.13.0
collecting ... collected 175 items

tests/test_alert_engine.py::TestDiscoverRules::test_discover_rules_finds_all_4 PASSED [  0%]
tests/test_alert_engine.py::TestLoadConfig::test_load_config_parses_yaml PASSED [  1%]
tests/test_alert_engine.py::TestLoadConfig::test_load_config_empty_file PASSED [  1%]
tests/test_alert_engine.py::TestLoadConfig::test_load_config_no_rules_key PASSED [  2%]
tests/test_alert_engine.py::TestConfigureRule::test_configure_rule_applies_config PASSED [  2%]
tests/test_alert_engine.py::TestConfigureRule::test_configure_rule_disabled PASSED [  3%]
tests/test_alert_engine.py::TestEvaluateAll::test_enabled_rules_produce_alerts PASSED [  4%]
tests/test_alert_engine.py::TestEvaluateAll::test_disabled_rule_produces_no_alerts PASSED [  4%]
tests/test_alert_engine.py::TestEvaluateAll::test_evaluate_all_stats_shape PASSED [  5%]
tests/test_alert_engine.py::TestEvaluateAll::test_rule_crash_does_not_affect_others PASSED [  5%]
tests/test_alert_engine.py::TestEvaluateAll::test_evaluate_all_no_config_uses_defaults PASSED [  6%]
tests/test_alert_engine.py::TestGetAlerts::test_get_alerts_returns_list PASSED [  6%]
tests/test_alert_engine.py::TestGetAlerts::test_get_alerts_matches_evaluate_all PASSED [  7%]
tests/test_alert_engine.py::TestConfigIntegration::test_configure_then_evaluate PASSED [  8%]
tests/test_alert_rule_base.py::TestAlertSeverity::test_values PASSED     [  8%]
tests/test_alert_rule_base.py::TestAlertSeverity::test_ordering PASSED   [  9%]
tests/test_alert_rule_base.py::TestAlertSeverity::test_membership PASSED [  9%]
tests/test_alert_rule_base.py::TestAlertResult::test_all_fields PASSED   [ 10%]
tests/test_alert_rule_base.py::TestAlertResult::test_defaults PASSED     [ 10%]
tests/test_alert_rule_base.py::TestAlertRuleABC::test_cannot_instantiate_directly PASSED [ 11%]
tests/test_alert_rule_base.py::TestAlertRuleABC::test_must_implement_evaluate PASSED [ 12%]
tests/test_alert_rule_base.py::TestAlertRuleABC::test_subclass_without_name_fails_validate PASSED [ 12%]
tests/test_alert_rule_base.py::TestAlertRuleABC::test_subclass_without_description_fails_validate PASSED [ 13%]
tests/test_alert_rule_base.py::TestAlertRuleABC::test_concrete_rule_returns_expected_shape PASSED [ 13%]
tests/test_alert_rule_base.py::TestAlertRuleABC::test_default_severity_is_warning PASSED [ 14%]
tests/test_alert_rule_base.py::TestAlertRuleABC::test_no_auto_register_flag PASSED [ 14%]
tests/test_hot_reload.py::TestAutoStartStop::test_start_stop_no_crash PASSED [ 15%]
tests/test_hot_reload.py::TestAutoStartStop::test_start_twice_returns_same PASSED [ 16%]
tests/test_hot_reload.py::TestAutoStartStop::test_nonexistent_dir_returns_none PASSED [ 16%]
tests/test_hot_reload.py::TestAutoStartStop::test_stop_no_observer PASSED [ 17%]
tests/test_hot_reload.py::TestReloadRules::test_reload_on_empty_mgr_does_not_crash PASSED [ 17%]
tests/test_hot_reload.py::TestReloadRules::test_reload_crash_logged PASSED [ 18%]
tests/test_parser_base.py::test_base_parser_cannot_instantiate PASSED    [ 18%]
tests/test_parser_base.py::test_valid_subclass_can_instantiate PASSED    [ 19%]
tests/test_parser_base.py::test_parse_returns_parseresult PASSED         [ 20%]
tests/test_parser_base.py::test_parseresult_has_rows PASSED              [ 20%]
tests/test_parser_base.py::test_command_class_attribute PASSED           [ 21%]
tests/test_parser_base.py::test_fields_class_attribute PASSED            [ 21%]
tests/test_parser_base_enhanced.py::test_validate_default PASSED         [ 22%]
tests/test_parser_base_enhanced.py::test_validate_override PASSED        [ 22%]
tests/test_parser_base_enhanced.py::test_version_default PASSED          [ 23%]
tests/test_parser_base_enhanced.py::test_version_override PASSED         [ 24%]
tests/test_parser_base_enhanced.py::test_deprecated_api_warning PASSED   [ 24%]
tests/test_parser_base_enhanced.py::test_deprecated_api_on_method PASSED [ 25%]
tests/test_parser_base_enhanced.py::test_deprecated_api_no_warning_without_call PASSED [ 25%]
tests/test_parser_base_enhanced.py::test_init_subclass_no_crash PASSED   [ 26%]
tests/test_plugin_base.py::TestPluginManifest::test_all_fields_present PASSED [ 26%]
tests/test_plugin_base.py::TestPluginManifest::test_default_values PASSED [ 27%]
tests/test_plugin_base.py::TestPluginBaseABC::test_cannot_instantiate_directly PASSED [ 28%]
tests/test_plugin_base.py::TestPluginBaseABC::test_valid_subclass_can_instantiate PASSED [ 28%]
tests/test_plugin_base.py::TestPluginBaseABC::test_validate_default_returns_empty_list PASSED [ 29%]
tests/test_plugin_base.py::TestPluginBaseABC::test_validate_override_returns_errors PASSED [ 29%]
tests/test_plugin_base.py::TestPluginBaseABC::test_on_load_on_unload_default_noop PASSED [ 30%]
tests/test_plugin_base.py::TestPluginExceptions::test_plugin_validation_error PASSED [ 30%]
tests/test_plugin_base.py::TestPluginExceptions::test_plugin_load_error PASSED [ 31%]
tests/test_plugin_base.py::TestPluginExceptions::test_plugin_runtime_error PASSED [ 32%]
tests/test_plugin_base.py::TestPluginExceptions::test_exceptions_inherit_from_exception PASSED [ 32%]
tests/test_plugin_config.py::test_load_valid_plugin_toml PASSED          [ 33%]
tests/test_plugin_config.py::test_all_fields_map_correctly PASSED        [ 33%]
tests/test_plugin_config.py::test_invalid_toml_raises_exception PASSED   [ 34%]
tests/test_plugin_config.py::test_plugin_config_dataclass PASSED         [ 34%]
tests/test_plugin_config.py::test_missing_name_raises_keyerror PASSED    [ 35%]
tests/test_plugin_manager.py::TestPluginManager::test_register_and_get_plugin PASSED [ 36%]
tests/test_plugin_manager.py::TestPluginManager::test_get_plugins_by_type PASSED [ 36%]
tests/test_plugin_manager.py::TestPluginManager::test_register_validation_failure PASSED [ 37%]
tests/test_plugin_manager.py::TestPluginManager::test_get_plugin_nonexistent PASSED [ 37%]
tests/test_plugin_manager.py::TestPluginManager::test_execute_isolation PASSED [ 38%]
tests/test_plugin_manager.py::TestPluginManager::test_topological_order PASSED [ 38%]
tests/test_plugin_manager.py::TestPluginManager::test_load_all_and_counts PASSED [ 39%]
tests/test_plugin_manager.py::TestPluginManager::test_get_plugin_manager_singleton PASSED [ 40%]
tests/test_plugin_manager.py::TestPluginManager::test_unload_all PASSED  [ 40%]
tests/test_plugin_ui_feedback.py::TestStructuredError::test_returns_all_required_keys PASSED [ 41%]
tests/test_plugin_ui_feedback.py::TestStructuredError::test_severity_values_accepted PASSED [ 41%]
tests/test_plugin_ui_feedback.py::TestStructuredError::test_empty_suggestion_default PASSED [ 42%]
tests/test_plugin_ui_feedback.py::TestRegistryStructuredErrors::test_get_structured_load_errors_returns_dicts PASSED [ 42%]
tests/test_plugin_ui_feedback.py::TestRegistryStructuredErrors::test_get_load_errors_backward_compatible PASSED [ 43%]
tests/test_plugin_ui_feedback.py::TestRegistryStructuredErrors::test_severity_counts PASSED [ 44%]
tests/test_plugin_ui_feedback.py::TestPluginAwareStructuredErrors::test_validation_failure_structured PASSED [ 44%]
tests/test_plugin_ui_feedback.py::TestApiPluginStatus::test_plugin_status_keys_present PASSED [ 45%]
tests/test_registry_plugin.py::TestWrapPlugin::test_basic_adapter_creation PASSED [ 45%]
tests/test_registry_plugin.py::TestWrapPlugin::test_adapter_delegates_parse PASSED [ 46%]
tests/test_registry_plugin.py::TestWrapPlugin::test_adapter_can_register_in_registry PASSED [ 46%]
tests/test_registry_plugin.py::TestOldStyleAutoManifest::test_old_style_registers_and_parses PASSED [ 47%]
tests/test_registry_plugin.py::TestNewStylePluginParser::test_new_style_discovers_and_registers PASSED [ 48%]
tests/test_registry_plugin.py::TestNewStylePluginParser::test_validation_failure_not_registered PASSED [ 48%]
tests/test_registry_plugin.py::TestNewStylePluginParser::test_get_load_errors_contains_validation_failures PASSED [ 49%]
tests/test_registry_plugin.py::TestNewStylePluginParser::test_new_style_parser_validate_called PASSED [ 49%]
tests/test_registry_plugin.py::TestBothStylesCoexist::test_mixed_modules_both_loaded PASSED [ 50%]
tests/test_registry_plugin.py::TestActualParsersStillWork::test_real_old_style_parsers_loaded PASSED [ 50%]
tests/test_report_alert_integration.py::TestBuildReportPluginAlerts::test_plugin_alerts_in_report PASSED [ 51%]
tests/test_report_alert_integration.py::TestBuildReportPluginAlerts::test_plugin_and_legacy_alerts_coexist PASSED [ 52%]
tests/test_report_alert_integration.py::TestBuildReportPluginAlerts::test_no_false_alerts_healthy PASSED [ 52%]
tests/test_report_alert_integration.py::TestBuildReportPluginAlerts::test_plugin_category_mapping PASSED [ 53%]
tests/test_report_alert_integration.py::TestBuildReportPluginAlerts::test_engine_error_graceful PASSED [ 53%]
tests/test_report_alert_integration.py::TestAlertItemRuleName::test_rule_name_default_empty PASSED [ 54%]
tests/test_report_alert_integration.py::TestAlertItemRuleName::test_rule_name_settable PASSED [ 54%]
tests/test_rule_interface_errors.py::TestInterfaceErrorsRule::test_default_max_errors PASSED [ 55%]
tests/test_rule_interface_errors.py::TestInterfaceErrorsRule::test_custom_max_errors PASSED [ 56%]
tests/test_rule_interface_errors.py::TestInterfaceErrorsRule::test_below_threshold_no_alert PASSED [ 56%]
tests/test_rule_interface_errors.py::TestInterfaceErrorsRule::test_exceeds_threshold_gives_warning PASSED [ 57%]
tests/test_rule_interface_errors.py::TestInterfaceErrorsRule::test_far_exceeds_threshold_gives_critical PASSED [ 57%]
tests/test_rule_interface_errors.py::TestInterfaceErrorsRule::test_no_error_data_skipped PASSED [ 58%]
tests/test_rule_interface_errors.py::TestInterfaceErrorsRule::test_partial_error_data PASSED [ 58%]
tests/test_rule_interface_errors.py::TestInterfaceErrorsRule::test_empty_interfaces PASSED [ 59%]
tests/test_rule_interface_errors.py::TestInterfaceErrorsRule::test_supports_interface_key PASSED [ 60%]
tests/test_rule_interface_errors.py::TestInterfaceErrorsRule::test_case_insensitive_keywords PASSED [ 60%]
tests/test_rule_interface_errors.py::TestInterfaceErrorsRule::test_multiple_interfaces_independent_severity PASSED [ 61%]
tests/test_rule_interface_errors.py::TestInterfaceErrorsRule::test_result_includes_details PASSED [ 61%]
tests/test_rule_optics_power.py::TestOpticsPowerRuleConfig::test_default_thresholds PASSED [ 62%]
tests/test_rule_optics_power.py::TestOpticsPowerRuleConfig::test_config_thresholds_used PASSED [ 62%]
tests/test_rule_optics_power.py::TestOpticsPowerRuleConfig::test_config_partial_override PASSED [ 63%]
tests/test_rule_optics_power.py::TestOpticsPowerRuleEvaluation::test_rx_below_warning PASSED [ 64%]
tests/test_rule_optics_power.py::TestOpticsPowerRuleEvaluation::test_rx_below_critical PASSED [ 64%]
tests/test_rule_optics_power.py::TestOpticsPowerRuleEvaluation::test_rx_at_threshold_boundary PASSED [ 65%]
tests/test_rule_optics_power.py::TestOpticsPowerRuleEvaluation::test_normal_power_no_alert PASSED [ 65%]
tests/test_rule_optics_power.py::TestOpticsPowerRuleEvaluation::test_no_transceiver_data_no_alert PASSED [ 66%]
tests/test_rule_optics_power.py::TestOpticsPowerRuleEvaluation::test_no_interfaces_no_alert PASSED [ 66%]
tests/test_rule_optics_power.py::TestOpticsPowerRuleEvaluation::test_mixed_interfaces PASSED [ 67%]
tests/test_rule_optics_power.py::TestOpticsPowerRuleFieldMatching::test_chinese_field_name PASSED [ 68%]
tests/test_rule_optics_power.py::TestOpticsPowerRuleFieldMatching::test_tx_power_in_details PASSED [ 68%]
tests/test_rule_optics_power.py::TestOpticsPowerRuleFieldMatching::test_field_name_variations PASSED [ 69%]
tests/test_rule_optics_power.py::TestOpticsPowerRuleFieldMatching::test_rx_only_matching_not_tx PASSED [ 69%]
tests/test_rule_optics_power.py::TestOpticsPowerRuleValidate::test_validate_passes PASSED [ 70%]
tests/test_rule_optics_power.py::TestOpticsPowerRuleValidate::test_name_and_description_set PASSED [ 70%]
tests/test_rule_storm_control.py::TestStormControlEnabled::test_storm_control_string_enable PASSED [ 71%]
tests/test_rule_storm_control.py::TestStormControlEnabled::test_storm_control_string_enabled PASSED [ 72%]
tests/test_rule_storm_control.py::TestStormControlEnabled::test_storm_control_boolean_true PASSED [ 72%]
tests/test_rule_storm_control.py::TestStormControlEnabled::test_storm_control_integer_one PASSED [ 73%]
tests/test_rule_storm_control.py::TestStormControlEnabled::test_storm_control_yes_chinese PASSED [ 73%]
tests/test_rule_storm_control.py::TestStormControlEnabled::test_broadcast_suppression_enabled PASSED [ 74%]
tests/test_rule_storm_control.py::TestStormControlEnabled::test_multiple_interfaces_all_enabled PASSED [ 74%]
tests/test_rule_storm_control.py::TestStormControlDisabled::test_disabled_severity_and_message[string disable] PASSED [ 75%]
tests/test_rule_storm_control.py::TestStormControlDisabled::test_disabled_severity_and_message[string disabled] PASSED [ 76%]
tests/test_rule_storm_control.py::TestStormControlDisabled::test_disabled_severity_and_message[boolean False] PASSED [ 76%]
tests/test_rule_storm_control.py::TestStormControlDisabled::test_disabled_severity_and_message[integer zero] PASSED [ 77%]
tests/test_rule_storm_control.py::TestStormControlDisabled::test_disabled_severity_and_message[float zero] PASSED [ 77%]
tests/test_rule_storm_control.py::TestStormControlDisabled::test_disabled_severity_and_message[string no] PASSED [ 78%]
tests/test_rule_storm_control.py::TestStormControlDisabled::test_disabled_severity_and_message[string false] PASSED [ 78%]
tests/test_rule_storm_control.py::TestStormControlDisabled::test_broadcast_suppression_disabled PASSED [ 79%]
tests/test_rule_storm_control.py::TestStormControlDisabled::test_multiple_disabled_interfaces PASSED [ 80%]
tests/test_rule_storm_control.py::TestMissingKeyStrictTrue::test_default_strict PASSED [ 80%]
tests/test_rule_storm_control.py::TestMissingKeyStrictTrue::test_explicit_strict_true PASSED [ 81%]
tests/test_rule_storm_control.py::TestMissingKeyStrictTrue::test_mixed_missing_and_enabled PASSED [ 81%]
tests/test_rule_storm_control.py::TestMissingKeyStrictTrue::test_all_missing_no_other_storm_data PASSED [ 82%]
tests/test_rule_storm_control.py::TestMissingKeyStrictFalse::test_missing_key_no_alert PASSED [ 82%]
tests/test_rule_storm_control.py::TestMissingKeyStrictFalse::test_strict_false_explicitly_disabled_still_fires PASSED [ 83%]
tests/test_rule_storm_control.py::TestRequiredFalse::test_skips_disabled_interfaces PASSED [ 84%]
tests/test_rule_storm_control.py::TestRequiredFalse::test_skips_missing_data PASSED [ 84%]
tests/test_rule_storm_control.py::TestRequiredFalse::test_skips_empty_interfaces PASSED [ 85%]
tests/test_rule_storm_control.py::TestNoStormDataAtAll::test_no_storm_keys PASSED [ 85%]
tests/test_rule_storm_control.py::TestNoStormDataAtAll::test_empty_interfaces PASSED [ 86%]
tests/test_rule_storm_control.py::TestNoStormDataAtAll::test_missing_interfaces_key PASSED [ 86%]
tests/test_rule_storm_control.py::TestNoStormDataAtAll::test_interfaces_none PASSED [ 87%]
tests/test_rule_storm_control.py::TestEdgeCases::test_no_device_ip PASSED [ 88%]
tests/test_rule_storm_control.py::TestEdgeCases::test_interface_name_from_interface_key PASSED [ 88%]
tests/test_rule_storm_control.py::TestEdgeCases::test_unknown_value_considered_disabled PASSED [ 89%]
tests/test_rule_storm_control.py::TestEdgeCases::test_strict_true_with_some_but_not_all_missing PASSED [ 89%]
tests/test_rule_storm_control.py::TestEdgeCases::test_config_defaults PASSED [ 90%]
tests/test_rule_storm_control.py::TestAlertRuleContract::test_class_vars PASSED [ 90%]
tests/test_rule_storm_control.py::TestAlertRuleContract::test_validate_passes PASSED [ 91%]
tests/test_rule_storm_control.py::TestAlertRuleContract::test_returns_alert_result_list PASSED [ 92%]
tests/test_rule_storm_control.py::TestAlertRuleContract::test_result_has_rule_name PASSED [ 92%]
tests/test_rule_system_health.py::TestSystemHealthRule::test_all_healthy_no_alerts PASSED [ 93%]
tests/test_rule_system_health.py::TestSystemHealthRule::test_fan_failure_warning PASSED [ 93%]
tests/test_rule_system_health.py::TestSystemHealthRule::test_fan_speed_zero_warning PASSED [ 94%]
tests/test_rule_system_health.py::TestSystemHealthRule::test_temperature_exceeded_warning PASSED [ 94%]
tests/test_rule_system_health.py::TestSystemHealthRule::test_temperature_below_threshold_no_alert PASSED [ 95%]
tests/test_rule_system_health.py::TestSystemHealthRule::test_power_failure_critical PASSED [ 96%]
tests/test_rule_system_health.py::TestSystemHealthRule::test_power_off_is_critical PASSED [ 96%]
tests/test_rule_system_health.py::TestSystemHealthRule::test_checks_skip_temperature PASSED [ 97%]
tests/test_rule_system_health.py::TestSystemHealthRule::test_checks_empty_skips_all PASSED [ 97%]
tests/test_rule_system_health.py::TestSystemHealthRule::test_missing_fan_data_info PASSED [ 98%]
tests/test_rule_system_health.py::TestSystemHealthRule::test_missing_all_subsystem_data_info PASSED [ 98%]
tests/test_rule_system_health.py::TestSystemHealthRule::test_custom_max_temp PASSED [ 99%]
tests/test_rule_system_health.py::TestSystemHealthRule::test_ddm_power_not_trigger_power_alert PASSED [100%]

============================= 175 passed in 1.64s ==============================
